<?xml version="1.0" encoding="UTF-8"?>
<!-- Generated by org.testng.reporters.JUnitReportReporter -->
<testsuite skipped="0" hostname="DESKTOP-HKCPHLD" name="Assignment.SwagLabs" tests="8" failures="0" timestamp="2023-06-13T16:54:41 IST" time="32.425" errors="0">
  <testcase name="setup" time="4.539" classname="Assignment.SwagLabs"/>
  <system-out/>
  <testcase name="login" time="3.455" classname="Assignment.SwagLabs"/>
  <system-out/>
  <testcase name="sort" time="3.167" classname="Assignment.SwagLabs"/>
  <system-out/>
  <testcase name="addtocart" time="3.420" classname="Assignment.SwagLabs"/>
  <system-out/>
  <testcase name="removefromcart" time="4.311" classname="Assignment.SwagLabs"/>
  <system-out/>
  <testcase name="checkout" time="6.562" classname="Assignment.SwagLabs"/>
  <system-out/>
  <testcase name="backtoproducts" time="3.096" classname="Assignment.SwagLabs"/>
  <system-out/>
  <testcase name="logout" time="3.875" classname="Assignment.SwagLabs"/>
  <system-out/>
</testsuite> <!-- Assignment.SwagLabs -->
